
/home/runner/work/exp-slope-nm-iitb/exp-slope-nm-iitb/experiment/simulation/common_libraries/js/ts_components/collapse_step.js
   1:10  warning  'show_step' is defined but never used                 no-unused-vars
   2:5   warning  '$' is not defined                                    no-undef
   3:9   warning  '$' is not defined                                    no-undef
   6:10  warning  'hide_step' is defined but never used                 no-unused-vars
   7:5   warning  '$' is not defined                                    no-undef
   8:9   warning  '$' is not defined                                    no-undef
  11:10  warning  'get_collapse_btn_text' is defined but never used     no-unused-vars
  20:10  warning  'get_collapse_btn_element' is defined but never used  no-unused-vars
  29:10  warning  'hide_all_steps' is defined but never used            no-unused-vars
  31:9   warning  '$' is not defined                                    no-undef

/home/runner/work/exp-slope-nm-iitb/exp-slope-nm-iitb/experiment/simulation/common_libraries/js/ts_components/matrix.js
   27:26  warning  'MathJax' is not defined                                no-undef
   32:7   warning  'Matrix_Without_String' is defined but never used       no-unused-vars
   52:26  warning  'MathJax' is not defined                                no-undef
   56:10  warning  'get_matrix_html' is defined but never used             no-unused-vars
   87:13  warning  'row_html' is assigned a value but never used           no-unused-vars
   99:10  warning  'get_matrix_html_with_title' is defined but never used  no-unused-vars
  131:13  warning  'row_html' is assigned a value but never used           no-unused-vars
  143:10  warning  'convert_2d_to_1d_vector' is defined but never used     no-unused-vars
  156:10  warning  'convert_1d_to_2d_matrix' is defined but never used     no-unused-vars

/home/runner/work/exp-slope-nm-iitb/exp-slope-nm-iitb/experiment/simulation/common_libraries/js/ts_components/pannel.js
  8:7  warning  'Pannel' is defined but never used  no-unused-vars

/home/runner/work/exp-slope-nm-iitb/exp-slope-nm-iitb/experiment/simulation/common_libraries/js/ts_components/questions.js
   6:17  warning  'op1' is assigned a value but never used      no-unused-vars
   7:17  warning  'op2' is assigned a value but never used      no-unused-vars
   8:17  warning  'op3' is assigned a value but never used      no-unused-vars
   9:17  warning  'op4' is assigned a value but never used      no-unused-vars
  94:7   warning  'Question_Options' is defined but never used  no-unused-vars

/home/runner/work/exp-slope-nm-iitb/exp-slope-nm-iitb/experiment/simulation/common_libraries/js/ts_components/tables.js
   19:22  warning  'verify_values' is not defined                                     no-undef
  137:22  warning  'verify_values' is not defined                                     no-undef
  260:7   warning  'Verify_Rows_Cols_6_decimal_places' is defined but never used      no-unused-vars
  311:22  warning  'verify_values' is not defined                                     no-undef
  416:7   warning  'Verify_Rows_Cols_Custom_Fixed_Update1' is defined but never used  no-unused-vars
  468:7   warning  'Show_Table_Custom_Fixed' is defined but never used                no-unused-vars
  506:7   warning  'Verify_Rows_Cols_Strings' is defined but never used               no-unused-vars
  527:22  warning  'verify_values' is not defined                                     no-undef
  663:7   warning  'Display_Table' is defined but never used                          no-unused-vars

/home/runner/work/exp-slope-nm-iitb/exp-slope-nm-iitb/experiment/simulation/common_libraries/js/ts_math_library/general_math_functions.js
    1:10  warning  'verify_values' is defined but never used                   no-unused-vars
   17:10  warning  'random1' is defined but never used                         no-unused-vars
   21:10  warning  'std_deviation' is defined but never used                   no-unused-vars
   26:10  warning  'gauss' is defined but never used                           no-unused-vars
   56:10  warning  'hide_panel' is defined but never used                      no-unused-vars
   63:10  warning  'inverse_matrix' is defined but never used                  no-unused-vars
   96:10  warning  'matrix_multiplication' is defined but never used           no-unused-vars
  113:10  warning  'transpose_matrix' is defined but never used                no-unused-vars
  123:10  warning  'matrix_multiplication_8decimal' is defined but never used  no-unused-vars
  140:10  warning  'adjoint_2x2_matrix' is defined but never used              no-unused-vars
  145:10  warning  'find_deteminant' is defined but never used                 no-unused-vars
  174:10  warning  'get_Submatrix' is defined but never used                   no-unused-vars

/home/runner/work/exp-slope-nm-iitb/exp-slope-nm-iitb/experiment/simulation/common_libraries/js/ts_math_library/regression.js
   1:10  warning  'regression_linear' is defined but never used            no-unused-vars
  18:10  warning  'regression_linear_1variable' is defined but never used  no-unused-vars
  27:10  warning  'regression_linear_2variable' is defined but never used  no-unused-vars
  52:11  warning  'gauss' is not defined                                   no-undef

/home/runner/work/exp-slope-nm-iitb/exp-slope-nm-iitb/experiment/simulation/common_libraries/math.ob.js
  1:745  warning  'b' is already defined  no-redeclare

/home/runner/work/exp-slope-nm-iitb/exp-slope-nm-iitb/experiment/simulation/js/activity1.js
   28:10  warning  'show_act1' is defined but never used                no-unused-vars
   44:10  warning  'start_act1' is defined but never used               no-unused-vars
   47:20  warning  'get_collapse_btn_text' is not defined               no-undef
   77:5   warning  'hide_all_steps' is not defined                      no-undef
   79:9   warning  'show_step' is not defined                           no-undef
  103:10  warning  'set_n' is defined but never used                    no-unused-vars
  108:9   warning  'N' is not defined                                   no-undef
  113:9   warning  'N' is not defined                                   no-undef
  120:10  warning  'internal_calculations_1' is defined but never used  no-unused-vars
  124:28  warning  'N' is not defined                                   no-undef
  128:5   warning  'beta0' is not defined                               no-undef
  129:5   warning  'beta1' is not defined                               no-undef
  130:30  warning  'beta0' is not defined                               no-undef
  130:50  warning  'beta1' is not defined                               no-undef
  131:5   warning  'Y2' is not defined                                  no-undef
  133:25  warning  'X' is not defined                                   no-undef
  134:9   warning  'Y2' is not defined                                  no-undef
  134:17  warning  'beta0' is not defined                               no-undef
  134:26  warning  'beta1' is not defined                               no-undef
  134:34  warning  'X' is not defined                                   no-undef
  136:17  warning  'Y2' is not defined                                  no-undef
  140:22  warning  'Y2' is not defined                                  no-undef
  141:5   warning  'Y' is not defined                                   no-undef
  142:25  warning  'Y2' is not defined                                  no-undef
  143:9   warning  'Y' is not defined                                   no-undef
  143:16  warning  'Y2' is not defined                                  no-undef
  143:25  warning  'Y2' is not defined                                  no-undef
  143:42  warning  'epsilon' is not defined                             no-undef
  145:17  warning  'Y' is not defined                                   no-undef
  146:17  warning  'X' is not defined                                   no-undef
  147:17  warning  'Y2' is not defined                                  no-undef
  154:5   warning  'X' is not defined                                   no-undef
  155:25  warning  'N' is not defined                                   no-undef
  163:5   warning  'X' is not defined                                   no-undef
  164:17  warning  'X' is not defined                                   no-undef
  169:5   warning  'epsilon' is not defined                             no-undef
  170:25  warning  'N' is not defined                                   no-undef
  175:5   warning  'epsilon' is not defined                             no-undef
  205:25  warning  'Y' is not defined                                   no-undef
  206:21  warning  'X' is not defined                                   no-undef
  207:35  warning  'X' is not defined                                   no-undef
  208:35  warning  'Y' is not defined                                   no-undef

/home/runner/work/exp-slope-nm-iitb/exp-slope-nm-iitb/experiment/simulation/js/activity1_p1.js
   1:10   warning  'activity1_p1' is defined but never used  no-unused-vars
   6:19   warning  'get_collapse_btn_text' is not defined    no-undef
   7:5    warning  'maindiv' is not defined                  no-undef
  19:28   warning  'Updated_Question' is not defined         no-undef
  19:152  warning  'activity1_p2' is not defined             no-undef
  20:24   warning  'MathJax' is not defined                  no-undef
  21:5    warning  'hide_all_steps' is not defined           no-undef
  22:5    warning  'show_step' is not defined                no-undef

/home/runner/work/exp-slope-nm-iitb/exp-slope-nm-iitb/experiment/simulation/js/activity1_p2.js
   1:10  warning  'activity1_p2' is defined but never used      no-unused-vars
   2:19  warning  'get_collapse_btn_text' is not defined        no-undef
   3:5   warning  'maindiv' is not defined                      no-undef
   7:5   warning  'act1_table_data' is not defined              no-undef
   8:25  warning  'X' is not defined                            no-undef
   9:9   warning  'act1_table_data' is not defined              no-undef
   9:31  warning  'X' is not defined                            no-undef
   9:48  warning  'Y' is not defined                            no-undef
   9:66  warning  'X' is not defined                            no-undef
   9:73  warning  'X' is not defined                            no-undef
   9:91  warning  'X' is not defined                            no-undef
   9:98  warning  'Y' is not defined                            no-undef
  14:15  warning  'X' is not defined                            no-undef
  14:22  warning  'X' is not defined                            no-undef
  14:28  warning  'X' is not defined                            no-undef
  14:35  warning  'Y' is not defined                            no-undef
  16:25  warning  'Verify_Table' is not defined                 no-undef
  16:46  warning  'act1_table_data' is not defined              no-undef
  20:5   warning  'hide_all_steps' is not defined               no-undef
  21:5   warning  'show_step' is not defined                    no-undef
  43:24  warning  'MathJax' is not defined                      no-undef
  45:10  warning  'verify_summation' is defined but never used  no-unused-vars
  55:5   warning  'sum_X' is not defined                        no-undef
  56:5   warning  'sum_Y' is not defined                        no-undef
  57:5   warning  'sum_XX' is not defined                       no-undef
  58:5   warning  'sum_XY' is not defined                       no-undef
  59:25  warning  'act1_table_data' is not defined              no-undef
  60:9   warning  'sum_X' is not defined                        no-undef
  60:18  warning  'act1_table_data' is not defined              no-undef
  61:9   warning  'sum_Y' is not defined                        no-undef
  61:18  warning  'act1_table_data' is not defined              no-undef
  62:9   warning  'sum_XX' is not defined                       no-undef
  62:19  warning  'act1_table_data' is not defined              no-undef
  63:9   warning  'sum_XY' is not defined                       no-undef
  63:19  warning  'act1_table_data' is not defined              no-undef
  65:17  warning  'sum_X' is not defined                        no-undef
  65:24  warning  'sum_Y' is not defined                        no-undef
  65:31  warning  'sum_XX' is not defined                       no-undef
  65:39  warning  'sum_XY' is not defined                       no-undef
  67:10  warning  'verify_values' is not defined                no-undef
  67:48  warning  'sum_X' is not defined                        no-undef
  71:10  warning  'verify_values' is not defined                no-undef
  71:48  warning  'sum_Y' is not defined                        no-undef
  75:10  warning  'verify_values' is not defined                no-undef
  75:48  warning  'sum_XX' is not defined                       no-undef
  79:10  warning  'verify_values' is not defined                no-undef
  79:48  warning  'sum_XY' is not defined                       no-undef
  89:22  warning  'sum_X' is not defined                        no-undef
  90:22  warning  'sum_Y' is not defined                        no-undef
  91:22  warning  'sum_XX' is not defined                       no-undef
  92:22  warning  'sum_XY' is not defined                       no-undef
  93:5   warning  'activity1_p3' is not defined                 no-undef

/home/runner/work/exp-slope-nm-iitb/exp-slope-nm-iitb/experiment/simulation/js/activity1_p3.js
    1:10   warning  'activity1_p3' is defined but never used  no-unused-vars
    2:20   warning  'get_collapse_btn_text' is not defined    no-undef
    3:5    warning  'maindiv' is not defined                  no-undef
    8:49   warning  'sum_X' is not defined                    no-undef
    8:79   warning  'sum_Y' is not defined                    no-undef
    8:111  warning  'sum_XX' is not defined                   no-undef
    8:143  warning  'sum_XY' is not defined                   no-undef
   94:5    warning  'mat_A' is not defined                    no-undef
   94:19   warning  'sum_XX' is not defined                   no-undef
   95:17   warning  'mat_A' is not defined                    no-undef
   96:5    warning  'mat_A' is not defined                    no-undef
   96:19   warning  'sum_X' is not defined                    no-undef
   97:17   warning  'mat_A' is not defined                    no-undef
   98:5    warning  'mat_A' is not defined                    no-undef
   98:19   warning  'sum_X' is not defined                    no-undef
   99:17   warning  'mat_A' is not defined                    no-undef
  100:5    warning  'mat_A' is not defined                    no-undef
  100:19   warning  'N' is not defined                        no-undef
  101:17   warning  'mat_A' is not defined                    no-undef
  104:5    warning  'mat_B' is not defined                    no-undef
  104:16   warning  'sum_XY' is not defined                   no-undef
  105:5    warning  'mat_B' is not defined                    no-undef
  105:16   warning  'sum_Y' is not defined                    no-undef
  107:17   warning  'mat_A' is not defined                    no-undef
  108:17   warning  'mat_B' is not defined                    no-undef
  110:15   warning  'mat_A' is not defined                    no-undef
  110:28   warning  'mat_A' is not defined                    no-undef
  110:43   warning  'mat_A' is not defined                    no-undef
  110:56   warning  'mat_A' is not defined                    no-undef
  111:14   warning  'mat_B' is not defined                    no-undef
  111:24   warning  'mat_B' is not defined                    no-undef
  113:24   warning  'MathJax' is not defined                  no-undef
  114:5    warning  'hide_all_steps' is not defined           no-undef
  115:5    warning  'show_step' is not defined                no-undef
  118:5    warning  'mat_x' is not defined                    no-undef
  118:13   warning  'gauss' is not defined                    no-undef
  119:24   warning  'mat_x' is not defined                    no-undef
  119:41   warning  'mat_x' is not defined                    no-undef
  121:10   warning  'verify_a_b' is defined but never used    no-unused-vars
  127:10   warning  'verify_values' is not defined            no-undef
  127:48   warning  'mat_x' is not defined                    no-undef
  131:10   warning  'verify_values' is not defined            no-undef
  131:48   warning  'mat_x' is not defined                    no-undef
  141:5    warning  'activity1_p4' is not defined             no-undef

/home/runner/work/exp-slope-nm-iitb/exp-slope-nm-iitb/experiment/simulation/js/activity1_p4.js
    1:10   warning  'activity1_p4' is defined but never used        no-unused-vars
    2:20   warning  'get_collapse_btn_text' is not defined          no-undef
    3:5    warning  'maindiv' is not defined                        no-undef
    8:18   warning  'mat_x' is not defined                          no-undef
    8:49   warning  'mat_x' is not defined                          no-undef
   43:24   warning  'MathJax' is not defined                        no-undef
   44:5    warning  'hide_all_steps' is not defined                 no-undef
   45:5    warning  'show_step' is not defined                      no-undef
   47:10   warning  'verify_avg' is defined but never used          no-unused-vars
   53:5    warning  'X_avg' is not defined                          no-undef
   54:5    warning  'Y_avg' is not defined                          no-undef
   55:25   warning  'X' is not defined                              no-undef
   56:9    warning  'X_avg' is not defined                          no-undef
   56:18   warning  'X' is not defined                              no-undef
   57:9    warning  'Y_avg' is not defined                          no-undef
   57:18   warning  'Y' is not defined                              no-undef
   59:5    warning  'X_avg' is not defined                          no-undef
   59:13   warning  'X_avg' is not defined                          no-undef
   59:21   warning  'X' is not defined                              no-undef
   60:5    warning  'Y_avg' is not defined                          no-undef
   60:13   warning  'Y_avg' is not defined                          no-undef
   60:21   warning  'Y' is not defined                              no-undef
   61:27   warning  'X_avg' is not defined                          no-undef
   61:47   warning  'Y_avg' is not defined                          no-undef
   62:10   warning  'verify_values' is not defined                  no-undef
   62:48   warning  'X_avg' is not defined                          no-undef
   66:10   warning  'verify_values' is not defined                  no-undef
   66:48   warning  'Y_avg' is not defined                          no-undef
   91:5    warning  'act1_table_data_2' is not defined              no-undef
   92:25   warning  'X' is not defined                              no-undef
   93:9    warning  'act1_table_data_2' is not defined              no-undef
   94:13   warning  'X' is not defined                              no-undef
   95:24   warning  'Y' is not defined                              no-undef
   96:25   warning  'X' is not defined                              no-undef
   96:32   warning  'X_avg' is not defined                          no-undef
   97:35   warning  'X' is not defined                              no-undef
   97:42   warning  'X_avg' is not defined                          no-undef
   98:25   warning  'Y' is not defined                              no-undef
   98:32   warning  'Y_avg' is not defined                          no-undef
   99:35   warning  'Y' is not defined                              no-undef
   99:42   warning  'Y_avg' is not defined                          no-undef
  100:26   warning  'Y' is not defined                              no-undef
  100:33   warning  'Y_avg' is not defined                          no-undef
  100:43   warning  'X' is not defined                              no-undef
  100:50   warning  'X_avg' is not defined                          no-undef
  101:25   warning  'mat_x' is not defined                          no-undef
  101:37   warning  'mat_x' is not defined                          no-undef
  101:48   warning  'X' is not defined                              no-undef
  102:35   warning  'Y' is not defined                              no-undef
  102:43   warning  'mat_x' is not defined                          no-undef
  102:55   warning  'mat_x' is not defined                          no-undef
  102:66   warning  'X' is not defined                              no-undef
  106:15   warning  'act1_table_data_2' is not defined              no-undef
  106:40   warning  'act1_table_data_2' is not defined              no-undef
  106:65   warning  'act1_table_data_2' is not defined              no-undef
  106:90   warning  'act1_table_data_2' is not defined              no-undef
  106:115  warning  'act1_table_data_2' is not defined              no-undef
  106:140  warning  'act1_table_data_2' is not defined              no-undef
  106:165  warning  'act1_table_data_2' is not defined              no-undef
  107:25   warning  'Verify_Table' is not defined                   no-undef
  107:46   warning  'act1_table_data_2' is not defined              no-undef
  109:24   warning  'MathJax' is not defined                        no-undef
  156:24   warning  'MathJax' is not defined                        no-undef
  158:10   warning  'verify_sm' is defined but never used           no-unused-vars
  166:9    warning  'dsp_xx' is assigned a value but never used     no-unused-vars
  167:9    warning  'dsp_yy' is assigned a value but never used     no-unused-vars
  168:9    warning  'dsp_xy' is assigned a value but never used     no-unused-vars
  169:9    warning  'dsp_ssr' is assigned a value but never used    no-unused-vars
  170:9    warning  'dsp_smres' is assigned a value but never used  no-unused-vars
  171:5    warning  'sxx' is not defined                            no-undef
  172:5    warning  'syy' is not defined                            no-undef
  173:5    warning  'sxy' is not defined                            no-undef
  174:5    warning  'ssr' is not defined                            no-undef
  175:5    warning  'smres' is not defined                          no-undef
  176:25   warning  'act1_table_data_2' is not defined              no-undef
  177:9    warning  'sxx' is not defined                            no-undef
  177:16   warning  'act1_table_data_2' is not defined              no-undef
  178:9    warning  'syy' is not defined                            no-undef
  178:16   warning  'act1_table_data_2' is not defined              no-undef
  179:9    warning  'sxy' is not defined                            no-undef
  179:16   warning  'act1_table_data_2' is not defined              no-undef
  179:42   warning  'act1_table_data_2' is not defined              no-undef
  180:9    warning  'ssr' is not defined                            no-undef
  180:16   warning  'act1_table_data_2' is not defined              no-undef
  182:5    warning  'smres' is not defined                          no-undef
  182:13   warning  'ssr' is not defined                            no-undef
  182:20   warning  'act1_table_data_2' is not defined              no-undef
  183:17   warning  'sxx' is not defined                            no-undef
  183:22   warning  'syy' is not defined                            no-undef
  183:27   warning  'sxy' is not defined                            no-undef
  183:32   warning  'ssr' is not defined                            no-undef
  183:37   warning  'smres' is not defined                          no-undef
  184:10   warning  'verify_values' is not defined                  no-undef
  184:48   warning  'sxx' is not defined                            no-undef
  188:10   warning  'verify_values' is not defined                  no-undef
  188:48   warning  'syy' is not defined                            no-undef
  192:10   warning  'verify_values' is not defined                  no-undef
  192:48   warning  'sxy' is not defined                            no-undef
  196:10   warning  'verify_values' is not defined                  no-undef
  196:48   warning  'ssr' is not defined                            no-undef
  200:10   warning  'verify_values' is not defined                  no-undef
  200:48   warning  'smres' is not defined                          no-undef
  227:5    warning  'activity1_p5' is not defined                   no-undef

/home/runner/work/exp-slope-nm-iitb/exp-slope-nm-iitb/experiment/simulation/js/activity1_p5.js
    2:10  warning  'activity1_p5' is defined but never used     no-unused-vars
    3:20  warning  'get_collapse_btn_element' is not defined    no-undef
   18:67  warning  'ssr' is not defined                         no-undef
   20:69  warning  'syy' is not defined                         no-undef
   43:24  warning  'MathJax' is not defined                     no-undef
   44:5   warning  'maindiv' is not defined                     no-undef
   45:5   warning  'maindiv' is not defined                     no-undef
   46:5   warning  'maindiv' is not defined                     no-undef
   47:5   warning  'hide_all_steps' is not defined              no-undef
   48:5   warning  'show_step' is not defined                   no-undef
   50:10  warning  'vf_r2' is defined but never used            no-unused-vars
   54:5   warning  'r2' is not defined                          no-undef
   55:5   warning  'r2' is not defined                          no-undef
   55:15  warning  'ssr' is not defined                         no-undef
   55:21  warning  'syy' is not defined                         no-undef
   56:17  warning  'r2' is not defined                          no-undef
   57:10  warning  'verify_values' is not defined               no-undef
   57:47  warning  'r2' is not defined                          no-undef
   95:10  warning  'plot1_x_y' is defined but never used        no-unused-vars
  108:17  warning  'Chart' is not defined                       no-undef
  111:21  warning  'X' is not defined                           no-undef
  115:27  warning  'Y' is not defined                           no-undef
  127:27  warning  'Y2' is not defined                          no-undef
  170:10  warning  'start_next_act1' is defined but never used  no-unused-vars
  173:5   warning  'hide_all_steps' is not defined              no-undef
  174:5   warning  'activity1_p6' is not defined                no-undef

/home/runner/work/exp-slope-nm-iitb/exp-slope-nm-iitb/experiment/simulation/js/activity1_p6.js
   1:10  warning  'activity1_p6' is defined but never used   no-unused-vars
   4:15  warning  'get_collapse_btn_element' is not defined  no-undef
  13:19  warning  'mat_x' is not defined                     no-undef
  16:32  warning  'sxx' is not defined                       no-undef
  23:32  warning  'ssr' is not defined                       no-undef
  26:33  warning  'smres' is not defined                     no-undef
  49:5   warning  'maindiv' is not defined                   no-undef
  50:5   warning  'maindiv' is not defined                   no-undef
  51:5   warning  'maindiv' is not defined                   no-undef
  52:24  warning  'MathJax' is not defined                   no-undef
  53:5   warning  'hide_all_steps' is not defined            no-undef
  54:5   warning  'show_step' is not defined                 no-undef
  56:10  warning  'vf_to' is defined but never used          no-unused-vars
  60:5   warning  'to' is not defined                        no-undef
  60:10  warning  'mat_x' is not defined                     no-undef
  60:31  warning  'smres' is not defined                     no-undef
  60:39  warning  'sxx' is not defined                       no-undef
  61:17  warning  'to' is not defined                        no-undef
  62:10  warning  'verify_values' is not defined             no-undef
  62:47  warning  'to' is not defined                        no-undef
  70:5   warning  'activity1_p6_5' is not defined            no-undef

/home/runner/work/exp-slope-nm-iitb/exp-slope-nm-iitb/experiment/simulation/js/activity1_p6_5.js
    1:10  warning  'activity1_p6_5' is defined but never used  no-unused-vars
    3:15  warning  'get_collapse_btn_element' is not defined   no-undef
   84:5   warning  'maindiv' is not defined                    no-undef
   85:5   warning  'maindiv' is not defined                    no-undef
   87:9   warning  'MathJax' is not defined                    no-undef
   92:29  warning  'alpha_dd_options' is not defined           no-undef
   93:33  warning  'alpha_dd_options' is not defined           no-undef
   93:65  warning  'alpha_dd_options' is not defined           no-undef
   97:5   warning  'hide_all_steps' is not defined             no-undef
   98:5   warning  'show_step' is not defined                  no-undef
  101:10  warning  'set_alpha' is defined but never used       no-unused-vars
  106:9   warning  'alpha' is not defined                      no-undef
  109:51  warning  'alpha' is not defined                      no-undef
  110:9   warning  'activity1_p7' is not defined               no-undef
  114:9   warning  'alpha' is not defined                      no-undef

/home/runner/work/exp-slope-nm-iitb/exp-slope-nm-iitb/experiment/simulation/js/activity1_p7.js
    1:10  warning  'activity1_p7' is defined but never used   no-unused-vars
    6:20  warning  'get_collapse_btn_element' is not defined  no-undef
   17:42  warning  'alpha' is not defined                     no-undef
   37:5   warning  'maindiv' is not defined                   no-undef
   38:5   warning  'maindiv' is not defined                   no-undef
   39:5   warning  'maindiv' is not defined                   no-undef
   41:5   warning  'hide_all_steps' is not defined            no-undef
   42:5   warning  'show_step' is not defined                 no-undef
   47:9   warning  'alpha' is not defined                     no-undef
   50:14  warning  'alpha' is not defined                     no-undef
   53:14  warning  'alpha' is not defined                     no-undef
   56:25  warning  'hypothesis_table' is not defined          no-undef
   60:27  warning  'hypothesis_table' is not defined          no-undef
   61:27  warning  'hypothesis_table' is not defined          no-undef
   64:10  warning  'vf_tn2' is defined but never used         no-unused-vars
   69:9   warning  'alpha' is not defined                     no-undef
   72:14  warning  'alpha' is not defined                     no-undef
   75:14  warning  'alpha' is not defined                     no-undef
   78:13  warning  'X' is not defined                         no-undef
   79:15  warning  'hypothesis_table' is not defined          no-undef
   84:13  warning  't_n_2' is not defined                     no-undef
   85:25  warning  't_n_2' is not defined                     no-undef
   88:34  warning  't_n_2' is not defined                     no-undef
   94:21  warning  't_n_2' is not defined                     no-undef
  103:20  warning  'get_collapse_btn_element' is not defined  no-undef
  107:35  warning  'to' is not defined                        no-undef
  107:74  warning  't_n_2' is not defined                     no-undef
  130:5   warning  'maindiv' is not defined                   no-undef
  131:5   warning  'maindiv' is not defined                   no-undef
  132:5   warning  'maindiv' is not defined                   no-undef
  134:5   warning  'hide_all_steps' is not defined            no-undef
  135:5   warning  'show_step' is not defined                 no-undef
  138:18  warning  'to' is not defined                        no-undef
  138:25  warning  't_n_2' is not defined                     no-undef
  139:9   warning  'hypo_test_reject_op' is not defined       no-undef
  142:9   warning  'hypo_test_reject_op' is not defined       no-undef
  145:10  warning  'vf_null_hypo' is defined but never used   no-unused-vars
  147:9   warning  'hypo_test_reject_op' is not defined       no-undef
  150:14  warning  'hypo_test_reject_op' is not defined       no-undef
  153:25  warning  'hypo_test_reject_op' is not defined       no-undef
  155:9   warning  'activity2' is not defined                 no-undef

/home/runner/work/exp-slope-nm-iitb/exp-slope-nm-iitb/experiment/simulation/js/activity2.js
    1:10  warning  'activity2' is defined but never used                  no-unused-vars
    2:5   warning  'maindiv' is not defined                               no-undef
   20:10  warning  'start_act2' is defined but never used                 no-unused-vars
   23:20  warning  'get_collapse_btn_element' is not defined              no-undef
   34:5   warning  'maindiv' is not defined                               no-undef
   35:5   warning  'maindiv' is not defined                               no-undef
   36:5   warning  'maindiv' is not defined                               no-undef
   37:5   warning  'hide_all_steps' is not defined                        no-undef
   40:10  warning  'set_N_act2' is defined but never used                 no-unused-vars
   45:9   warning  'act2_N' is not defined                                no-undef
   50:9   warning  'act2_N' is not defined                                no-undef
   56:10  warning  'load_act2_N_dd_values' is defined but never used      no-unused-vars
   67:10  warning  'generate_random_act_X' is defined but never used      no-unused-vars
   78:5   warning  'act2_X' is not defined                                no-undef
   78:14  warning  'X' is not defined                                     no-undef
   79:17  warning  'act2_X' is not defined                                no-undef
   82:10  warning  'act2_internal_calculation' is defined but never used  no-unused-vars
   85:5   warning  'act2_N' is not defined                                no-undef
   85:14  warning  'N' is not defined                                     no-undef
   88:5   warning  'act2_X' is not defined                                no-undef
   88:14  warning  'X' is not defined                                     no-undef
   89:28  warning  'act2_N' is not defined                                no-undef
   92:5   warning  'act2_beta0' is not defined                            no-undef
   92:18  warning  'beta0' is not defined                                 no-undef
   93:5   warning  'act2_beta1' is not defined                            no-undef
   93:18  warning  'beta1' is not defined                                 no-undef
   94:30  warning  'act2_beta0' is not defined                            no-undef
   94:55  warning  'act2_beta1' is not defined                            no-undef
   95:5   warning  'act2_Y2' is not defined                               no-undef
   97:25  warning  'act2_X' is not defined                                no-undef
   98:9   warning  'act2_Y2' is not defined                               no-undef
   98:22  warning  'act2_beta0' is not defined                            no-undef
   98:36  warning  'act2_beta1' is not defined                            no-undef
   98:49  warning  'act2_X' is not defined                                no-undef
  100:17  warning  'act2_Y2' is not defined                               no-undef
  104:9   warning  'last_index' is assigned a value but never used        no-unused-vars
  104:22  warning  'act2_Y2' is not defined                               no-undef
  105:5   warning  'act2_Y' is not defined                                no-undef
  106:25  warning  'act2_Y2' is not defined                               no-undef
  108:9   warning  'act2_Y' is not defined                                no-undef
  108:21  warning  'act2_Y2' is not defined                               no-undef
  108:43  warning  'act2_epsilon' is not defined                          no-undef
  111:17  warning  'act2_Y' is not defined                                no-undef
  112:17  warning  'act2_X' is not defined                                no-undef
  113:17  warning  'act2_Y2' is not defined                               no-undef
  119:5   warning  'act2_epsilon' is not defined                          no-undef
  120:25  warning  'act2_N' is not defined                                no-undef
  125:5   warning  'act2_epsilon' is not defined                          no-undef
  156:25  warning  'act2_Y' is not defined                                no-undef
  157:35  warning  'act2_X' is not defined                                no-undef
  158:35  warning  'act2_Y' is not defined                                no-undef
  161:10  warning  'go_to_activity2_p1' is defined but never used         no-unused-vars
  164:5   warning  'activity2_p1' is not defined                          no-undef

/home/runner/work/exp-slope-nm-iitb/exp-slope-nm-iitb/experiment/simulation/js/activity2_p1.js
    1:10   warning  'activity2_p1' is defined but never used      no-unused-vars
    2:20   warning  'get_collapse_btn_element' is not defined     no-undef
    9:5    warning  'act2_all_data' is not defined                no-undef
   10:25   warning  'act2_X' is not defined                       no-undef
   11:20   warning  'act2_X' is not defined                       no-undef
   11:42   warning  'act2_Y' is not defined                       no-undef
   11:86   warning  'act2_X' is not defined                       no-undef
   11:126  warning  'act2_X' is not defined                       no-undef
   11:138  warning  'act2_Y' is not defined                       no-undef
   12:9    warning  'act2_all_data' is not defined                no-undef
   16:19   warning  'act2_all_data' is not defined                no-undef
   16:40   warning  'act2_all_data' is not defined                no-undef
   17:23   warning  'Verify_Table' is not defined                 no-undef
   17:44   warning  'act2_all_data' is not defined                no-undef
   19:5    warning  'maindiv' is not defined                      no-undef
   20:5    warning  'maindiv' is not defined                      no-undef
   21:5    warning  'maindiv' is not defined                      no-undef
   22:5    warning  'hide_all_steps' is not defined               no-undef
   23:5    warning  'show_step' is not defined                    no-undef
   25:9    warning  'MathJax' is not defined                      no-undef
   84:9    warning  'MathJax' is not defined                      no-undef
   87:10   warning  'act2_verify_sum1' is defined but never used  no-unused-vars
   99:5    warning  'act2_sum_X' is not defined                   no-undef
  100:5    warning  'act2_sum_Y' is not defined                   no-undef
  101:5    warning  'act2_sum_X2' is not defined                  no-undef
  102:5    warning  'act2_sum_XY' is not defined                  no-undef
  104:25   warning  'act2_all_data' is not defined                no-undef
  105:9    warning  'act2_sum_X' is not defined                   no-undef
  105:23   warning  'act2_all_data' is not defined                no-undef
  106:9    warning  'act2_sum_Y' is not defined                   no-undef
  106:23   warning  'act2_all_data' is not defined                no-undef
  107:9    warning  'act2_sum_X2' is not defined                  no-undef
  107:24   warning  'act2_all_data' is not defined                no-undef
  108:9    warning  'act2_sum_XY' is not defined                  no-undef
  108:24   warning  'act2_all_data' is not defined                no-undef
  110:17   warning  'act2_sum_X' is not defined                   no-undef
  110:29   warning  'act2_sum_Y' is not defined                   no-undef
  110:41   warning  'act2_sum_X2' is not defined                  no-undef
  110:54   warning  'act2_sum_XY' is not defined                  no-undef
  111:10   warning  'verify_values' is not defined                no-undef
  111:48   warning  'act2_sum_X' is not defined                   no-undef
  115:10   warning  'verify_values' is not defined                no-undef
  115:48   warning  'act2_sum_Y' is not defined                   no-undef
  119:10   warning  'verify_values' is not defined                no-undef
  119:48   warning  'act2_sum_X2' is not defined                  no-undef
  123:10   warning  'verify_values' is not defined                no-undef
  123:48   warning  'act2_sum_XY' is not defined                  no-undef
  129:25   warning  'act2_sum_X' is not defined                   no-undef
  130:25   warning  'act2_sum_Y' is not defined                   no-undef
  131:26   warning  'act2_sum_X2' is not defined                  no-undef
  132:26   warning  'act2_sum_XY' is not defined                  no-undef
  137:5    warning  'activity2_p2' is not defined                 no-undef

/home/runner/work/exp-slope-nm-iitb/exp-slope-nm-iitb/experiment/simulation/js/activity2_p2.js
    1:10   warning  'activity2_p2' is defined but never used   no-unused-vars
    2:20   warning  'get_collapse_btn_element' is not defined  no-undef
   11:49   warning  'act2_sum_X' is not defined                no-undef
   11:86   warning  'act2_sum_Y' is not defined                no-undef
   11:134  warning  'act2_sum_X2' is not defined               no-undef
   11:173  warning  'act2_sum_XY' is not defined               no-undef
   93:5    warning  'maindiv' is not defined                   no-undef
   94:5    warning  'maindiv' is not defined                   no-undef
   95:5    warning  'maindiv' is not defined                   no-undef
   96:5    warning  'hide_all_steps' is not defined            no-undef
   97:5    warning  'show_step' is not defined                 no-undef
   99:9    warning  'MathJax' is not defined                   no-undef
  102:10   warning  'verify_a1_b1' is defined but never used   no-unused-vars
  109:5    warning  'act2_mat_A' is not defined                no-undef
  109:20   warning  'act2_sum_X2' is not defined               no-undef
  109:33   warning  'act2_sum_X' is not defined                no-undef
  109:47   warning  'act2_sum_X' is not defined                no-undef
  109:59   warning  'act2_N' is not defined                    no-undef
  110:5    warning  'act2_mat_x' is not defined                no-undef
  111:5    warning  'act2_mat_B' is not defined                no-undef
  111:19   warning  'act2_sum_XY' is not defined               no-undef
  111:32   warning  'act2_sum_Y' is not defined                no-undef
  112:15   warning  'act2_mat_A' is not defined                no-undef
  112:33   warning  'act2_mat_A' is not defined                no-undef
  112:53   warning  'act2_mat_A' is not defined                no-undef
  112:71   warning  'act2_mat_A' is not defined                no-undef
  113:14   warning  'act2_mat_B' is not defined                no-undef
  113:29   warning  'act2_mat_B' is not defined                no-undef
  114:5    warning  'act2_mat_x' is not defined                no-undef
  114:18   warning  'gauss' is not defined                     no-undef
  115:25   warning  'act2_mat_x' is not defined                no-undef
  115:48   warning  'act2_mat_x' is not defined                no-undef
  116:10   warning  'verify_values' is not defined             no-undef
  116:50   warning  'act2_mat_x' is not defined                no-undef
  120:10   warning  'verify_values' is not defined             no-undef
  120:50   warning  'act2_mat_x' is not defined                no-undef
  126:24   warning  'act2_mat_x' is not defined                no-undef
  127:24   warning  'act2_mat_x' is not defined                no-undef
  130:5    warning  'activity2_p3' is not defined              no-undef

/home/runner/work/exp-slope-nm-iitb/exp-slope-nm-iitb/experiment/simulation/js/activity2_p3.js
    1:10   warning  'activity2_p3' is defined but never used     no-unused-vars
    2:20   warning  'get_collapse_btn_element' is not defined    no-undef
   11:26   warning  'act2_mat_x' is not defined                  no-undef
   11:74   warning  'act2_mat_x' is not defined                  no-undef
   47:5    warning  'maindiv' is not defined                     no-undef
   48:5    warning  'maindiv' is not defined                     no-undef
   49:5    warning  'maindiv' is not defined                     no-undef
   50:5    warning  'hide_all_steps' is not defined              no-undef
   51:5    warning  'show_step' is not defined                   no-undef
   53:9    warning  'MathJax' is not defined                     no-undef
   56:10   warning  'act2_verify_avg' is defined but never used  no-unused-vars
   62:5    warning  'act2_X_avg' is not defined                  no-undef
   63:5    warning  'act2_Y_avg' is not defined                  no-undef
   64:25   warning  'act2_X' is not defined                      no-undef
   65:9    warning  'act2_X_avg' is not defined                  no-undef
   65:23   warning  'act2_X' is not defined                      no-undef
   66:9    warning  'act2_Y_avg' is not defined                  no-undef
   66:23   warning  'act2_Y' is not defined                      no-undef
   68:5    warning  'act2_X_avg' is not defined                  no-undef
   68:18   warning  'act2_X_avg' is not defined                  no-undef
   68:31   warning  'act2_X' is not defined                      no-undef
   69:5    warning  'act2_Y_avg' is not defined                  no-undef
   69:18   warning  'act2_Y_avg' is not defined                  no-undef
   69:31   warning  'act2_Y' is not defined                      no-undef
   70:27   warning  'act2_X_avg' is not defined                  no-undef
   70:52   warning  'act2_Y_avg' is not defined                  no-undef
   71:10   warning  'verify_values' is not defined               no-undef
   71:48   warning  'act2_X_avg' is not defined                  no-undef
   75:10   warning  'verify_values' is not defined               no-undef
   75:48   warning  'act2_Y_avg' is not defined                  no-undef
  100:5    warning  'act2_table_data_2' is not defined           no-undef
  101:25   warning  'act2_X' is not defined                      no-undef
  102:9    warning  'act2_table_data_2' is not defined           no-undef
  103:13   warning  'act2_X' is not defined                      no-undef
  104:24   warning  'act2_Y' is not defined                      no-undef
  105:25   warning  'act2_X' is not defined                      no-undef
  105:37   warning  'act2_X_avg' is not defined                  no-undef
  106:35   warning  'act2_X' is not defined                      no-undef
  106:47   warning  'act2_X_avg' is not defined                  no-undef
  107:25   warning  'act2_Y' is not defined                      no-undef
  107:37   warning  'act2_Y_avg' is not defined                  no-undef
  108:35   warning  'act2_Y' is not defined                      no-undef
  108:47   warning  'act2_Y_avg' is not defined                  no-undef
  109:26   warning  'act2_Y' is not defined                      no-undef
  109:38   warning  'act2_Y_avg' is not defined                  no-undef
  109:53   warning  'act2_X' is not defined                      no-undef
  109:65   warning  'act2_X_avg' is not defined                  no-undef
  110:25   warning  'act2_mat_x' is not defined                  no-undef
  110:42   warning  'act2_mat_x' is not defined                  no-undef
  110:58   warning  'act2_X' is not defined                      no-undef
  111:35   warning  'act2_Y' is not defined                      no-undef
  111:48   warning  'act2_mat_x' is not defined                  no-undef
  111:65   warning  'act2_mat_x' is not defined                  no-undef
  111:81   warning  'act2_X' is not defined                      no-undef
  115:15   warning  'act2_table_data_2' is not defined           no-undef
  115:40   warning  'act2_table_data_2' is not defined           no-undef
  115:65   warning  'act2_table_data_2' is not defined           no-undef
  115:90   warning  'act2_table_data_2' is not defined           no-undef
  115:115  warning  'act2_table_data_2' is not defined           no-undef
  115:140  warning  'act2_table_data_2' is not defined           no-undef
  115:165  warning  'act2_table_data_2' is not defined           no-undef
  116:25   warning  'Verify_Table' is not defined                no-undef
  116:46   warning  'act2_table_data_2' is not defined           no-undef
  118:24   warning  'MathJax' is not defined                     no-undef
  165:24   warning  'MathJax' is not defined                     no-undef
  167:10   warning  'act2_verify_sm' is defined but never used   no-unused-vars
  180:5    warning  'act2_sxx' is not defined                    no-undef
  181:5    warning  'act2_syy' is not defined                    no-undef
  182:5    warning  'act2_sxy' is not defined                    no-undef
  183:5    warning  'act2_ssr' is not defined                    no-undef
  184:5    warning  'act2_smres' is not defined                  no-undef
  185:25   warning  'act2_table_data_2' is not defined           no-undef
  186:9    warning  'act2_sxx' is not defined                    no-undef
  186:21   warning  'act2_table_data_2' is not defined           no-undef
  187:9    warning  'act2_syy' is not defined                    no-undef
  187:21   warning  'act2_table_data_2' is not defined           no-undef
  188:9    warning  'act2_sxy' is not defined                    no-undef
  188:21   warning  'act2_table_data_2' is not defined           no-undef
  188:47   warning  'act2_table_data_2' is not defined           no-undef
  189:9    warning  'act2_ssr' is not defined                    no-undef
  189:21   warning  'act2_table_data_2' is not defined           no-undef
  191:5    warning  'act2_smres' is not defined                  no-undef
  191:18   warning  'act2_ssr' is not defined                    no-undef
  191:30   warning  'act2_table_data_2' is not defined           no-undef
  192:17   warning  'act2_sxx' is not defined                    no-undef
  192:27   warning  'act2_syy' is not defined                    no-undef
  192:37   warning  'act2_sxy' is not defined                    no-undef
  192:47   warning  'act2_ssr' is not defined                    no-undef
  192:57   warning  'act2_smres' is not defined                  no-undef
  193:10   warning  'verify_values' is not defined               no-undef
  193:48   warning  'act2_sxx' is not defined                    no-undef
  197:10   warning  'verify_values' is not defined               no-undef
  197:48   warning  'act2_syy' is not defined                    no-undef
  201:10   warning  'verify_values' is not defined               no-undef
  201:48   warning  'act2_sxy' is not defined                    no-undef
  205:10   warning  'verify_values' is not defined               no-undef
  205:48   warning  'act2_ssr' is not defined                    no-undef
  209:10   warning  'verify_values' is not defined               no-undef
  209:48   warning  'act2_smres' is not defined                  no-undef
  236:5    warning  'activity2_p4' is not defined                no-undef

/home/runner/work/exp-slope-nm-iitb/exp-slope-nm-iitb/experiment/simulation/js/activity2_p4.js
    1:10  warning  'activity2_p4' is defined but never used          no-unused-vars
    2:20  warning  'get_collapse_btn_element' is not defined         no-undef
   16:68  warning  'act2_ssr' is not defined                         no-undef
   18:70  warning  'act2_syy' is not defined                         no-undef
   41:5   warning  'maindiv' is not defined                          no-undef
   42:5   warning  'maindiv' is not defined                          no-undef
   43:5   warning  'maindiv' is not defined                          no-undef
   44:5   warning  'hide_all_steps' is not defined                   no-undef
   45:5   warning  'show_step' is not defined                        no-undef
   47:9   warning  'MathJax' is not defined                          no-undef
   50:10  warning  'act2_vf_r2' is defined but never used            no-unused-vars
   54:5   warning  'act2_r2' is not defined                          no-undef
   55:5   warning  'act2_r2' is not defined                          no-undef
   55:20  warning  'act2_ssr' is not defined                         no-undef
   55:31  warning  'act2_syy' is not defined                         no-undef
   56:17  warning  'act2_r2' is not defined                          no-undef
   57:10  warning  'verify_values' is not defined                    no-undef
   57:47  warning  'act2_r2' is not defined                          no-undef
   95:10  warning  'act2_plot1_x_y' is defined but never used        no-unused-vars
  105:5   warning  'chart' is not defined                            no-undef
  105:17  warning  'Chart' is not defined                            no-undef
  108:21  warning  'act2_X' is not defined                           no-undef
  112:27  warning  'act2_Y' is not defined                           no-undef
  124:27  warning  'act2_Y2' is not defined                          no-undef
  168:10  warning  'act2_start_next_act1' is defined but never used  no-unused-vars
  171:5   warning  'hide_all_steps' is not defined                   no-undef
  172:5   warning  'activity2_p6' is not defined                     no-undef

/home/runner/work/exp-slope-nm-iitb/exp-slope-nm-iitb/experiment/simulation/js/activity2_p5.js
   1:10  warning  'activity2_p6' is defined but never used   no-unused-vars
   2:20  warning  'get_collapse_btn_element' is not defined  no-undef
  14:20  warning  'act2_mat_x' is not defined                no-undef
  17:33  warning  'act2_sxx' is not defined                  no-undef
  24:33  warning  'act2_ssr' is not defined                  no-undef
  27:34  warning  'act2_smres' is not defined                no-undef
  50:5   warning  'maindiv' is not defined                   no-undef
  51:5   warning  'maindiv' is not defined                   no-undef
  52:5   warning  'maindiv' is not defined                   no-undef
  53:5   warning  'hide_all_steps' is not defined            no-undef
  54:5   warning  'show_step' is not defined                 no-undef
  56:9   warning  'MathJax' is not defined                   no-undef
  59:10  warning  'act2_vf_to' is defined but never used     no-unused-vars
  63:5   warning  't1_0' is not defined                      no-undef
  63:12  warning  'act2_mat_x' is not defined                no-undef
  63:38  warning  'act2_smres' is not defined                no-undef
  63:51  warning  'act2_sxx' is not defined                  no-undef
  64:16  warning  'act2_mat_x' is not defined                no-undef
  64:43  warning  'act2_N' is not defined                    no-undef
  64:58  warning  'act2_sxx' is not defined                  no-undef
  64:69  warning  'act2_ssr' is not defined                  no-undef
  66:17  warning  't1_0' is not defined                      no-undef
  67:10  warning  'verify_values' is not defined             no-undef
  67:47  warning  't1_0' is not defined                      no-undef
  75:5   warning  'activity2_p7' is not defined              no-undef

/home/runner/work/exp-slope-nm-iitb/exp-slope-nm-iitb/experiment/simulation/js/activity2_p6.js
    1:10  warning  'activity2_p7' is defined but never used    no-unused-vars
    2:20  warning  'get_collapse_btn_element' is not defined   no-undef
   85:5   warning  'maindiv' is not defined                    no-undef
   86:5   warning  'maindiv' is not defined                    no-undef
   87:5   warning  'maindiv' is not defined                    no-undef
   89:9   warning  'MathJax' is not defined                    no-undef
   94:29  warning  'alpha_dd_options' is not defined           no-undef
   95:33  warning  'alpha_dd_options' is not defined           no-undef
   95:65  warning  'alpha_dd_options' is not defined           no-undef
   99:5   warning  'hide_all_steps' is not defined             no-undef
  100:5   warning  'show_step' is not defined                  no-undef
  102:9   warning  'MathJax' is not defined                    no-undef
  105:10  warning  'act2_set_alpha' is defined but never used  no-unused-vars
  110:9   warning  'alpha1' is not defined                     no-undef
  113:52  warning  'alpha1' is not defined                     no-undef
  114:9   warning  'activity2_p8' is not defined               no-undef
  118:9   warning  'alpha1' is not defined                     no-undef

/home/runner/work/exp-slope-nm-iitb/exp-slope-nm-iitb/experiment/simulation/js/activity2_p7.js
    1:10  warning  'activity2_p8' is defined but never used       no-unused-vars
    2:20  warning  'get_collapse_btn_element' is not defined      no-undef
   15:54  warning  'alpha1' is not defined                        no-undef
   36:5   warning  'maindiv' is not defined                       no-undef
   37:5   warning  'maindiv' is not defined                       no-undef
   38:5   warning  'maindiv' is not defined                       no-undef
   40:5   warning  'hide_all_steps' is not defined                no-undef
   41:5   warning  'show_step' is not defined                     no-undef
   43:9   warning  'MathJax' is not defined                       no-undef
   49:9   warning  'alpha1' is not defined                        no-undef
   52:14  warning  'alpha1' is not defined                        no-undef
   55:14  warning  'alpha1' is not defined                        no-undef
   58:25  warning  'hypothesis_table' is not defined              no-undef
   62:27  warning  'hypothesis_table' is not defined              no-undef
   63:27  warning  'hypothesis_table' is not defined              no-undef
   66:10  warning  'act2_vf_tn2' is defined but never used        no-unused-vars
   71:9   warning  'alpha1' is not defined                        no-undef
   74:14  warning  'alpha1' is not defined                        no-undef
   77:14  warning  'alpha1' is not defined                        no-undef
   80:13  warning  'act2_X' is not defined                        no-undef
   81:15  warning  'hypothesis_table' is not defined              no-undef
   86:13  warning  't1_n_2' is not defined                        no-undef
   87:25  warning  't1_n_2' is not defined                        no-undef
   90:34  warning  't1_n_2' is not defined                        no-undef
   96:21  warning  't1_n_2' is not defined                        no-undef
  101:20  warning  'get_collapse_btn_element' is not defined      no-undef
  109:36  warning  't1_0' is not defined                          no-undef
  109:78  warning  't1_n_2' is not defined                        no-undef
  132:5   warning  'maindiv' is not defined                       no-undef
  133:5   warning  'maindiv' is not defined                       no-undef
  134:5   warning  'maindiv' is not defined                       no-undef
  136:5   warning  'hide_all_steps' is not defined                no-undef
  137:5   warning  'show_step' is not defined                     no-undef
  139:9   warning  'MathJax' is not defined                       no-undef
  143:18  warning  't1_0' is not defined                          no-undef
  143:27  warning  't1_n_2' is not defined                        no-undef
  144:9   warning  'act2_hypo_test_reject_op' is not defined      no-undef
  147:9   warning  'act2_hypo_test_reject_op' is not defined      no-undef
  150:10  warning  'act2_vf_null_hypo' is defined but never used  no-unused-vars
  152:9   warning  'act2_hypo_test_reject_op' is not defined      no-undef
  155:14  warning  'act2_hypo_test_reject_op' is not defined      no-undef
  158:25  warning  'act2_hypo_test_reject_op' is not defined      no-undef
  160:9   warning  'activity3' is not defined                     no-undef

/home/runner/work/exp-slope-nm-iitb/exp-slope-nm-iitb/experiment/simulation/js/activity3.js
    1:10  warning  'activity3' is defined but never used                  no-unused-vars
    2:5   warning  'maindiv' is not defined                               no-undef
   20:10  warning  'start_act3' is defined but never used                 no-unused-vars
   23:20  warning  'get_collapse_btn_element' is not defined              no-undef
   36:5   warning  'maindiv' is not defined                               no-undef
   37:5   warning  'maindiv' is not defined                               no-undef
   38:5   warning  'maindiv' is not defined                               no-undef
   39:5   warning  'hide_all_steps' is not defined                        no-undef
   42:10  warning  'load_act3_N_dd_values' is defined but never used      no-unused-vars
   52:10  warning  'set_N_act3' is defined but never used                 no-unused-vars
   57:9   warning  'act3_N' is not defined                                no-undef
   62:9   warning  'act3_N' is not defined                                no-undef
   69:10  warning  'generate_random_act3_X' is defined but never used     no-unused-vars
   71:5   warning  'act3_X' is not defined                                no-undef
   72:25  warning  'act3_N' is not defined                                no-undef
   80:5   warning  'act3_X' is not defined                                no-undef
   81:17  warning  'act3_X' is not defined                                no-undef
   84:10  warning  'act3_internal_calculation' is defined but never used  no-unused-vars
   89:5   warning  'act3_X' is not defined                                no-undef
   89:14  warning  'X' is not defined                                     no-undef
   90:5   warning  'act3_N' is not defined                                no-undef
   90:14  warning  'N' is not defined                                     no-undef
   91:28  warning  'act3_N' is not defined                                no-undef
   94:5   warning  'act3_beta0' is not defined                            no-undef
   94:18  warning  'beta0' is not defined                                 no-undef
   95:5   warning  'act3_beta1' is not defined                            no-undef
   95:18  warning  'beta1' is not defined                                 no-undef
   96:30  warning  'act3_beta0' is not defined                            no-undef
   96:55  warning  'act3_beta1' is not defined                            no-undef
   97:5   warning  'act3_Y2' is not defined                               no-undef
   99:25  warning  'act3_X' is not defined                                no-undef
  100:9   warning  'act3_Y2' is not defined                               no-undef
  100:22  warning  'act3_beta0' is not defined                            no-undef
  100:36  warning  'act3_beta1' is not defined                            no-undef
  100:49  warning  'act3_X' is not defined                                no-undef
  102:17  warning  'act3_Y2' is not defined                               no-undef
  106:22  warning  'act3_Y2' is not defined                               no-undef
  107:5   warning  'act3_Y' is not defined                                no-undef
  108:25  warning  'act3_Y2' is not defined                               no-undef
  109:9   warning  'act3_Y' is not defined                                no-undef
  109:21  warning  'act3_Y2' is not defined                               no-undef
  109:35  warning  'act3_Y2' is not defined                               no-undef
  109:57  warning  'act3_epsilon' is not defined                          no-undef
  111:17  warning  'act3_Y' is not defined                                no-undef
  112:17  warning  'act3_X' is not defined                                no-undef
  113:17  warning  'act3_Y2' is not defined                               no-undef
  119:5   warning  'act3_epsilon' is not defined                          no-undef
  120:25  warning  'act3_N' is not defined                                no-undef
  125:5   warning  'act3_epsilon' is not defined                          no-undef
  156:25  warning  'act3_Y' is not defined                                no-undef
  157:35  warning  'act3_X' is not defined                                no-undef
  158:35  warning  'act3_Y' is not defined                                no-undef
  161:10  warning  'go_to_activity3_p1' is defined but never used         no-unused-vars
  164:5   warning  'activity3_p1' is not defined                          no-undef

/home/runner/work/exp-slope-nm-iitb/exp-slope-nm-iitb/experiment/simulation/js/activity3_p1.js
    1:10   warning  'activity3_p1' is defined but never used      no-unused-vars
    2:20   warning  'get_collapse_btn_element' is not defined     no-undef
    9:5    warning  'act3_all_data' is not defined                no-undef
   10:25   warning  'act3_X' is not defined                       no-undef
   11:20   warning  'act3_X' is not defined                       no-undef
   11:42   warning  'act3_Y' is not defined                       no-undef
   11:86   warning  'act3_X' is not defined                       no-undef
   11:126  warning  'act3_X' is not defined                       no-undef
   11:138  warning  'act3_Y' is not defined                       no-undef
   12:9    warning  'act3_all_data' is not defined                no-undef
   16:19   warning  'act3_all_data' is not defined                no-undef
   16:40   warning  'act3_all_data' is not defined                no-undef
   17:23   warning  'Verify_Table' is not defined                 no-undef
   17:44   warning  'act3_all_data' is not defined                no-undef
   19:5    warning  'maindiv' is not defined                      no-undef
   20:5    warning  'maindiv' is not defined                      no-undef
   21:5    warning  'maindiv' is not defined                      no-undef
   22:5    warning  'hide_all_steps' is not defined               no-undef
   23:5    warning  'show_step' is not defined                    no-undef
   25:9    warning  'MathJax' is not defined                      no-undef
   84:9    warning  'MathJax' is not defined                      no-undef
   87:10   warning  'act3_verify_sum1' is defined but never used  no-unused-vars
   99:5    warning  'act3_sum_X' is not defined                   no-undef
  100:5    warning  'act3_sum_Y' is not defined                   no-undef
  101:5    warning  'act3_sum_X2' is not defined                  no-undef
  102:5    warning  'act3_sum_XY' is not defined                  no-undef
  104:25   warning  'act3_all_data' is not defined                no-undef
  105:9    warning  'act3_sum_X' is not defined                   no-undef
  105:23   warning  'act3_all_data' is not defined                no-undef
  106:9    warning  'act3_sum_Y' is not defined                   no-undef
  106:23   warning  'act3_all_data' is not defined                no-undef
  107:9    warning  'act3_sum_X2' is not defined                  no-undef
  107:24   warning  'act3_all_data' is not defined                no-undef
  108:9    warning  'act3_sum_XY' is not defined                  no-undef
  108:24   warning  'act3_all_data' is not defined                no-undef
  110:17   warning  'act3_sum_X' is not defined                   no-undef
  110:29   warning  'act3_sum_Y' is not defined                   no-undef
  110:41   warning  'act3_sum_X2' is not defined                  no-undef
  110:54   warning  'act3_sum_XY' is not defined                  no-undef
  111:10   warning  'verify_values' is not defined                no-undef
  111:48   warning  'act3_sum_X' is not defined                   no-undef
  115:10   warning  'verify_values' is not defined                no-undef
  115:48   warning  'act3_sum_Y' is not defined                   no-undef
  119:10   warning  'verify_values' is not defined                no-undef
  119:48   warning  'act3_sum_X2' is not defined                  no-undef
  123:10   warning  'verify_values' is not defined                no-undef
  123:48   warning  'act3_sum_XY' is not defined                  no-undef
  129:25   warning  'act3_sum_X' is not defined                   no-undef
  130:25   warning  'act3_sum_Y' is not defined                   no-undef
  131:26   warning  'act3_sum_X2' is not defined                  no-undef
  132:26   warning  'act3_sum_XY' is not defined                  no-undef
  137:5    warning  'activity3_p2' is not defined                 no-undef

/home/runner/work/exp-slope-nm-iitb/exp-slope-nm-iitb/experiment/simulation/js/activity3_p2.js
    1:10   warning  'activity3_p2' is defined but never used   no-unused-vars
    2:20   warning  'get_collapse_btn_element' is not defined  no-undef
   11:49   warning  'act3_sum_X' is not defined                no-undef
   11:86   warning  'act3_sum_Y' is not defined                no-undef
   11:134  warning  'act3_sum_X2' is not defined               no-undef
   11:173  warning  'act3_sum_XY' is not defined               no-undef
   93:5    warning  'maindiv' is not defined                   no-undef
   94:5    warning  'maindiv' is not defined                   no-undef
   95:5    warning  'maindiv' is not defined                   no-undef
   96:5    warning  'hide_all_steps' is not defined            no-undef
   97:5    warning  'show_step' is not defined                 no-undef
   99:9    warning  'MathJax' is not defined                   no-undef
  102:10   warning  'verify_a2_b2' is defined but never used   no-unused-vars
  109:5    warning  'act3_mat_A' is not defined                no-undef
  109:20   warning  'act3_sum_X2' is not defined               no-undef
  109:33   warning  'act3_sum_X' is not defined                no-undef
  109:47   warning  'act3_sum_X' is not defined                no-undef
  109:59   warning  'act3_N' is not defined                    no-undef
  110:5    warning  'act3_mat_x' is not defined                no-undef
  111:5    warning  'act3_mat_B' is not defined                no-undef
  111:19   warning  'act3_sum_XY' is not defined               no-undef
  111:32   warning  'act3_sum_Y' is not defined                no-undef
  112:15   warning  'act3_mat_A' is not defined                no-undef
  112:33   warning  'act3_mat_A' is not defined                no-undef
  112:53   warning  'act3_mat_A' is not defined                no-undef
  112:71   warning  'act3_mat_A' is not defined                no-undef
  113:14   warning  'act3_mat_B' is not defined                no-undef
  113:29   warning  'act3_mat_B' is not defined                no-undef
  114:5    warning  'act3_mat_x' is not defined                no-undef
  114:18   warning  'gauss' is not defined                     no-undef
  115:25   warning  'act3_mat_x' is not defined                no-undef
  115:48   warning  'act3_mat_x' is not defined                no-undef
  116:10   warning  'verify_values' is not defined             no-undef
  116:50   warning  'act3_mat_x' is not defined                no-undef
  120:10   warning  'verify_values' is not defined             no-undef
  120:50   warning  'act3_mat_x' is not defined                no-undef
  126:24   warning  'act3_mat_x' is not defined                no-undef
  127:24   warning  'act3_mat_x' is not defined                no-undef
  130:5    warning  'activity3_p3' is not defined              no-undef

/home/runner/work/exp-slope-nm-iitb/exp-slope-nm-iitb/experiment/simulation/js/activity3_p3.js
    1:10   warning  'activity3_p3' is defined but never used     no-unused-vars
    2:20   warning  'get_collapse_btn_element' is not defined    no-undef
   11:26   warning  'act3_mat_x' is not defined                  no-undef
   11:74   warning  'act3_mat_x' is not defined                  no-undef
   47:5    warning  'maindiv' is not defined                     no-undef
   48:5    warning  'maindiv' is not defined                     no-undef
   49:5    warning  'maindiv' is not defined                     no-undef
   50:5    warning  'hide_all_steps' is not defined              no-undef
   51:5    warning  'show_step' is not defined                   no-undef
   53:9    warning  'MathJax' is not defined                     no-undef
   56:10   warning  'act3_verify_avg' is defined but never used  no-unused-vars
   62:5    warning  'act3_X_avg' is not defined                  no-undef
   63:5    warning  'act3_Y_avg' is not defined                  no-undef
   64:25   warning  'act3_X' is not defined                      no-undef
   65:9    warning  'act3_X_avg' is not defined                  no-undef
   65:23   warning  'act3_X' is not defined                      no-undef
   66:9    warning  'act3_Y_avg' is not defined                  no-undef
   66:23   warning  'act3_Y' is not defined                      no-undef
   68:5    warning  'act3_X_avg' is not defined                  no-undef
   68:18   warning  'act3_X_avg' is not defined                  no-undef
   68:31   warning  'act3_X' is not defined                      no-undef
   69:5    warning  'act3_Y_avg' is not defined                  no-undef
   69:18   warning  'act3_Y_avg' is not defined                  no-undef
   69:31   warning  'act3_Y' is not defined                      no-undef
   70:27   warning  'act3_X_avg' is not defined                  no-undef
   70:52   warning  'act3_Y_avg' is not defined                  no-undef
   71:10   warning  'verify_values' is not defined               no-undef
   71:48   warning  'act3_X_avg' is not defined                  no-undef
   75:10   warning  'verify_values' is not defined               no-undef
   75:48   warning  'act3_Y_avg' is not defined                  no-undef
  100:5    warning  'act3_table_data_2' is not defined           no-undef
  101:25   warning  'act3_X' is not defined                      no-undef
  102:9    warning  'act3_table_data_2' is not defined           no-undef
  103:13   warning  'act3_X' is not defined                      no-undef
  104:24   warning  'act3_Y' is not defined                      no-undef
  105:25   warning  'act3_X' is not defined                      no-undef
  105:37   warning  'act3_X_avg' is not defined                  no-undef
  106:35   warning  'act3_X' is not defined                      no-undef
  106:47   warning  'act3_X_avg' is not defined                  no-undef
  107:25   warning  'act3_Y' is not defined                      no-undef
  107:37   warning  'act3_Y_avg' is not defined                  no-undef
  108:35   warning  'act3_Y' is not defined                      no-undef
  108:47   warning  'act3_Y_avg' is not defined                  no-undef
  109:26   warning  'act3_Y' is not defined                      no-undef
  109:38   warning  'act3_Y_avg' is not defined                  no-undef
  109:53   warning  'act3_X' is not defined                      no-undef
  109:65   warning  'act3_X_avg' is not defined                  no-undef
  110:25   warning  'act3_mat_x' is not defined                  no-undef
  110:42   warning  'act3_mat_x' is not defined                  no-undef
  110:58   warning  'act3_X' is not defined                      no-undef
  111:35   warning  'act3_Y' is not defined                      no-undef
  111:48   warning  'act3_mat_x' is not defined                  no-undef
  111:65   warning  'act3_mat_x' is not defined                  no-undef
  111:81   warning  'act3_X' is not defined                      no-undef
  115:15   warning  'act3_table_data_2' is not defined           no-undef
  115:40   warning  'act3_table_data_2' is not defined           no-undef
  115:65   warning  'act3_table_data_2' is not defined           no-undef
  115:90   warning  'act3_table_data_2' is not defined           no-undef
  115:115  warning  'act3_table_data_2' is not defined           no-undef
  115:140  warning  'act3_table_data_2' is not defined           no-undef
  115:165  warning  'act3_table_data_2' is not defined           no-undef
  116:25   warning  'Verify_Table' is not defined                no-undef
  116:46   warning  'act3_table_data_2' is not defined           no-undef
  118:24   warning  'MathJax' is not defined                     no-undef
  165:24   warning  'MathJax' is not defined                     no-undef
  167:10   warning  'act3_verify_sm' is defined but never used   no-unused-vars
  180:5    warning  'act3_sxx' is not defined                    no-undef
  181:5    warning  'act3_syy' is not defined                    no-undef
  182:5    warning  'act3_sxy' is not defined                    no-undef
  183:5    warning  'act3_ssr' is not defined                    no-undef
  184:5    warning  'act3_smres' is not defined                  no-undef
  185:25   warning  'act3_table_data_2' is not defined           no-undef
  186:9    warning  'act3_sxx' is not defined                    no-undef
  186:21   warning  'act3_table_data_2' is not defined           no-undef
  187:9    warning  'act3_syy' is not defined                    no-undef
  187:21   warning  'act3_table_data_2' is not defined           no-undef
  188:9    warning  'act3_sxy' is not defined                    no-undef
  188:21   warning  'act3_table_data_2' is not defined           no-undef
  188:47   warning  'act3_table_data_2' is not defined           no-undef
  189:9    warning  'act3_ssr' is not defined                    no-undef
  189:21   warning  'act3_table_data_2' is not defined           no-undef
  191:5    warning  'act3_smres' is not defined                  no-undef
  191:18   warning  'act3_ssr' is not defined                    no-undef
  191:30   warning  'act3_table_data_2' is not defined           no-undef
  192:17   warning  'act3_sxx' is not defined                    no-undef
  192:27   warning  'act3_syy' is not defined                    no-undef
  192:37   warning  'act3_sxy' is not defined                    no-undef
  192:47   warning  'act3_ssr' is not defined                    no-undef
  192:57   warning  'act3_smres' is not defined                  no-undef
  193:10   warning  'verify_values' is not defined               no-undef
  193:48   warning  'act3_sxx' is not defined                    no-undef
  197:10   warning  'verify_values' is not defined               no-undef
  197:48   warning  'act3_syy' is not defined                    no-undef
  201:10   warning  'verify_values' is not defined               no-undef
  201:48   warning  'act3_sxy' is not defined                    no-undef
  205:10   warning  'verify_values' is not defined               no-undef
  205:48   warning  'act3_ssr' is not defined                    no-undef
  209:10   warning  'verify_values' is not defined               no-undef
  209:48   warning  'act3_smres' is not defined                  no-undef
  236:5    warning  'activity3_p4' is not defined                no-undef

/home/runner/work/exp-slope-nm-iitb/exp-slope-nm-iitb/experiment/simulation/js/activity3_p4.js
    1:10  warning  'activity3_p4' is defined but never used          no-unused-vars
    2:20  warning  'get_collapse_btn_element' is not defined         no-undef
   16:68  warning  'act3_ssr' is not defined                         no-undef
   18:70  warning  'act3_syy' is not defined                         no-undef
   41:5   warning  'maindiv' is not defined                          no-undef
   42:5   warning  'maindiv' is not defined                          no-undef
   43:5   warning  'maindiv' is not defined                          no-undef
   44:5   warning  'hide_all_steps' is not defined                   no-undef
   45:5   warning  'show_step' is not defined                        no-undef
   47:9   warning  'MathJax' is not defined                          no-undef
   50:10  warning  'act3_vf_r2' is defined but never used            no-unused-vars
   54:5   warning  'act3_r2' is not defined                          no-undef
   55:5   warning  'act3_r2' is not defined                          no-undef
   55:20  warning  'act3_ssr' is not defined                         no-undef
   55:31  warning  'act3_syy' is not defined                         no-undef
   56:17  warning  'act3_r2' is not defined                          no-undef
   57:10  warning  'verify_values' is not defined                    no-undef
   57:47  warning  'act3_r2' is not defined                          no-undef
   95:10  warning  'act3_plot1_x_y' is defined but never used        no-unused-vars
  105:5   warning  'chart' is not defined                            no-undef
  105:17  warning  'Chart' is not defined                            no-undef
  108:21  warning  'act3_X' is not defined                           no-undef
  112:27  warning  'act3_Y' is not defined                           no-undef
  124:27  warning  'act3_Y2' is not defined                          no-undef
  168:10  warning  'act3_start_next_act1' is defined but never used  no-unused-vars
  171:5   warning  'hide_all_steps' is not defined                   no-undef
  172:5   warning  'activity3_p6' is not defined                     no-undef

/home/runner/work/exp-slope-nm-iitb/exp-slope-nm-iitb/experiment/simulation/js/activity3_p5.js
   1:10  warning  'activity3_p6' is defined but never used   no-unused-vars
   2:20  warning  'get_collapse_btn_element' is not defined  no-undef
  14:20  warning  'act3_mat_x' is not defined                no-undef
  17:33  warning  'act3_sxx' is not defined                  no-undef
  24:33  warning  'act3_ssr' is not defined                  no-undef
  27:34  warning  'act3_smres' is not defined                no-undef
  50:5   warning  'maindiv' is not defined                   no-undef
  51:5   warning  'maindiv' is not defined                   no-undef
  52:5   warning  'maindiv' is not defined                   no-undef
  53:5   warning  'hide_all_steps' is not defined            no-undef
  54:5   warning  'show_step' is not defined                 no-undef
  56:9   warning  'MathJax' is not defined                   no-undef
  59:10  warning  'act3_vf_to' is defined but never used     no-unused-vars
  63:5   warning  't2_0' is not defined                      no-undef
  63:12  warning  'act3_mat_x' is not defined                no-undef
  63:38  warning  'act3_smres' is not defined                no-undef
  63:51  warning  'act3_sxx' is not defined                  no-undef
  64:16  warning  'act3_mat_x' is not defined                no-undef
  64:43  warning  'act3_N' is not defined                    no-undef
  64:58  warning  'act3_sxx' is not defined                  no-undef
  64:69  warning  'act3_ssr' is not defined                  no-undef
  66:17  warning  't2_0' is not defined                      no-undef
  67:10  warning  'verify_values' is not defined             no-undef
  67:47  warning  't2_0' is not defined                      no-undef
  75:5   warning  'activity3_p7' is not defined              no-undef

/home/runner/work/exp-slope-nm-iitb/exp-slope-nm-iitb/experiment/simulation/js/activity3_p6.js
    1:10  warning  'activity3_p7' is defined but never used    no-unused-vars
    2:20  warning  'get_collapse_btn_element' is not defined   no-undef
   85:5   warning  'maindiv' is not defined                    no-undef
   86:5   warning  'maindiv' is not defined                    no-undef
   87:5   warning  'maindiv' is not defined                    no-undef
   89:9   warning  'MathJax' is not defined                    no-undef
   94:29  warning  'alpha_dd_options' is not defined           no-undef
   95:33  warning  'alpha_dd_options' is not defined           no-undef
   95:65  warning  'alpha_dd_options' is not defined           no-undef
   99:5   warning  'hide_all_steps' is not defined             no-undef
  100:5   warning  'show_step' is not defined                  no-undef
  102:9   warning  'MathJax' is not defined                    no-undef
  105:10  warning  'act3_set_alpha' is defined but never used  no-unused-vars
  110:9   warning  'alpha2' is not defined                     no-undef
  113:52  warning  'alpha1' is not defined                     no-undef
  114:9   warning  'activity3_p8' is not defined               no-undef
  118:9   warning  'alpha2' is not defined                     no-undef

/home/runner/work/exp-slope-nm-iitb/exp-slope-nm-iitb/experiment/simulation/js/activity3_p7.js
    1:10  warning  'activity3_p8' is defined but never used       no-unused-vars
    2:20  warning  'get_collapse_btn_element' is not defined      no-undef
   15:54  warning  'alpha2' is not defined                        no-undef
   36:5   warning  'maindiv' is not defined                       no-undef
   37:5   warning  'maindiv' is not defined                       no-undef
   38:5   warning  'maindiv' is not defined                       no-undef
   40:5   warning  'hide_all_steps' is not defined                no-undef
   41:5   warning  'show_step' is not defined                     no-undef
   43:9   warning  'MathJax' is not defined                       no-undef
   49:9   warning  'alpha2' is not defined                        no-undef
   52:14  warning  'alpha2' is not defined                        no-undef
   55:14  warning  'alpha2' is not defined                        no-undef
   58:25  warning  'hypothesis_table' is not defined              no-undef
   62:27  warning  'hypothesis_table' is not defined              no-undef
   63:27  warning  'hypothesis_table' is not defined              no-undef
   66:10  warning  'act3_vf_tn2' is defined but never used        no-unused-vars
   71:9   warning  'alpha2' is not defined                        no-undef
   74:14  warning  'alpha2' is not defined                        no-undef
   77:14  warning  'alpha2' is not defined                        no-undef
   80:13  warning  'act3_X' is not defined                        no-undef
   81:15  warning  'hypothesis_table' is not defined              no-undef
   86:13  warning  't2_n_2' is not defined                        no-undef
   87:25  warning  't2_n_2' is not defined                        no-undef
   90:34  warning  't2_n_2' is not defined                        no-undef
   96:21  warning  't2_n_2' is not defined                        no-undef
  101:20  warning  'get_collapse_btn_element' is not defined      no-undef
  109:36  warning  't2_0' is not defined                          no-undef
  109:78  warning  't2_n_2' is not defined                        no-undef
  132:5   warning  'maindiv' is not defined                       no-undef
  133:5   warning  'maindiv' is not defined                       no-undef
  134:5   warning  'maindiv' is not defined                       no-undef
  136:5   warning  'hide_all_steps' is not defined                no-undef
  137:5   warning  'show_step' is not defined                     no-undef
  139:9   warning  'MathJax' is not defined                       no-undef
  143:18  warning  't2_0' is not defined                          no-undef
  143:27  warning  't2_n_2' is not defined                        no-undef
  144:9   warning  'act3_hypo_test_reject_op' is not defined      no-undef
  147:9   warning  'act3_hypo_test_reject_op' is not defined      no-undef
  150:10  warning  'act3_vf_null_hypo' is defined but never used  no-unused-vars
  152:9   warning  'act3_hypo_test_reject_op' is not defined      no-undef
  155:14  warning  'act3_hypo_test_reject_op' is not defined      no-undef
  158:25  warning  'act3_hypo_test_reject_op' is not defined      no-undef
  160:9   warning  'activity4' is not defined                     no-undef

/home/runner/work/exp-slope-nm-iitb/exp-slope-nm-iitb/experiment/simulation/js/activity4.js
   1:10  warning  'activity4' is defined but never used        no-unused-vars
  16:5   warning  'maindiv' is not defined                     no-undef
  18:10  warning  'give_choice' is defined but never used      no-unused-vars
  32:5   warning  'maindiv' is not defined                     no-undef
  34:10  warning  'pop_alert' is defined but never used        no-unused-vars
  37:10  warning  'show_conclusion' is defined but never used  no-unused-vars
  58:5   warning  'maindiv' is not defined                     no-undef

/home/runner/work/exp-slope-nm-iitb/exp-slope-nm-iitb/experiment/simulation/js/data.js
     2:5  warning  'N' is assigned a value but never used                         no-unused-vars
     3:5  warning  'alpha_dd_options' is assigned a value but never used          no-unused-vars
     4:5  warning  'alpha' is assigned a value but never used                     no-unused-vars
    27:5  warning  'Y' is assigned a value but never used                         no-unused-vars
    49:5  warning  'beta0' is assigned a value but never used                     no-unused-vars
    50:5  warning  'beta1' is assigned a value but never used                     no-unused-vars
    51:5  warning  'Y2' is assigned a value but never used                        no-unused-vars
    73:5  warning  'epsilon' is assigned a value but never used                   no-unused-vars
    95:5  warning  'act1_table_data' is assigned a value but never used           no-unused-vars
   217:5  warning  'act1_table_data_2' is assigned a value but never used         no-unused-vars
   439:5  warning  'sum_X' is assigned a value but never used                     no-unused-vars
   440:5  warning  'sum_Y' is assigned a value but never used                     no-unused-vars
   441:5  warning  'sum_XX' is assigned a value but never used                    no-unused-vars
   442:5  warning  'sum_XY' is assigned a value but never used                    no-unused-vars
   443:5  warning  'mat_A' is assigned a value but never used                     no-unused-vars
   444:5  warning  'mat_x' is assigned a value but never used                     no-unused-vars
   445:5  warning  'mat_B' is assigned a value but never used                     no-unused-vars
   446:5  warning  'X_avg' is assigned a value but never used                     no-unused-vars
   447:5  warning  'Y_avg' is assigned a value but never used                     no-unused-vars
   449:5  warning  'sxx' is assigned a value but never used                       no-unused-vars
   450:5  warning  'syy' is assigned a value but never used                       no-unused-vars
   451:5  warning  'sxy' is assigned a value but never used                       no-unused-vars
   452:5  warning  'ssr' is assigned a value but never used                       no-unused-vars
   453:5  warning  'smres' is assigned a value but never used                     no-unused-vars
   454:5  warning  'r2' is assigned a value but never used                        no-unused-vars
   456:5  warning  'to' is assigned a value but never used                        no-unused-vars
   458:5  warning  'hypothesis_table' is assigned a value but never used          no-unused-vars
   471:5  warning  't_n_2' is assigned a value but never used                     no-unused-vars
   473:5  warning  'hypo_test_reject_op' is assigned a value but never used       no-unused-vars
   475:5  warning  'act2_N' is assigned a value but never used                    no-unused-vars
   476:5  warning  'act2_X' is assigned a value but never used                    no-unused-vars
   477:5  warning  'act2_beta0' is assigned a value but never used                no-unused-vars
   478:5  warning  'act2_beta1' is assigned a value but never used                no-unused-vars
   479:5  warning  'act2_Y2' is assigned a value but never used                   no-unused-vars
   501:5  warning  'act2_epsilon' is assigned a value but never used              no-unused-vars
   523:5  warning  'act2_Y' is assigned a value but never used                    no-unused-vars
   545:5  warning  'act2_all_data' is assigned a value but never used             no-unused-vars
   668:5  warning  'act2_sum_X' is assigned a value but never used                no-unused-vars
   669:5  warning  'act2_sum_Y' is assigned a value but never used                no-unused-vars
   670:5  warning  'act2_sum_X2' is assigned a value but never used               no-unused-vars
   671:5  warning  'act2_sum_XY' is assigned a value but never used               no-unused-vars
   673:5  warning  'act2_mat_A' is assigned a value but never used                no-unused-vars
   683:5  warning  'act2_mat_x' is assigned a value but never used                no-unused-vars
   687:5  warning  'act2_mat_B' is assigned a value but never used                no-unused-vars
   692:5  warning  'act2_X_avg' is assigned a value but never used                no-unused-vars
   693:5  warning  'act2_Y_avg' is assigned a value but never used                no-unused-vars
   695:5  warning  'act2_table_data_2' is assigned a value but never used         no-unused-vars
   917:5  warning  'act2_sxx' is assigned a value but never used                  no-unused-vars
   918:5  warning  'act2_syy' is assigned a value but never used                  no-unused-vars
   919:5  warning  'act2_sxy' is assigned a value but never used                  no-unused-vars
   920:5  warning  'act2_ssr' is assigned a value but never used                  no-unused-vars
   921:5  warning  'act2_smres' is assigned a value but never used                no-unused-vars
   922:5  warning  'act2_r2' is assigned a value but never used                   no-unused-vars
   923:5  warning  't1_0' is assigned a value but never used                      no-unused-vars
   924:5  warning  't1_n_2' is assigned a value but never used                    no-unused-vars
   925:5  warning  'alpha1' is assigned a value but never used                    no-unused-vars
   926:5  warning  'act2_hypo_test_reject_op' is assigned a value but never used  no-unused-vars
   928:5  warning  'act3_N' is assigned a value but never used                    no-unused-vars
   929:5  warning  'act3_X' is assigned a value but never used                    no-unused-vars
   951:5  warning  'act3_beta0' is assigned a value but never used                no-unused-vars
   952:5  warning  'act3_beta1' is assigned a value but never used                no-unused-vars
   953:5  warning  'act3_Y2' is assigned a value but never used                   no-unused-vars
   975:5  warning  'act3_epsilon' is assigned a value but never used              no-unused-vars
   997:5  warning  'act3_Y' is assigned a value but never used                    no-unused-vars
  1019:5  warning  'act3_all_data' is assigned a value but never used             no-unused-vars
  1142:5  warning  'act3_sum_X' is assigned a value but never used                no-unused-vars
  1143:5  warning  'act3_sum_Y' is assigned a value but never used                no-unused-vars
  1144:5  warning  'act3_sum_X2' is assigned a value but never used               no-unused-vars
  1145:5  warning  'act3_sum_XY' is assigned a value but never used               no-unused-vars
  1147:5  warning  'act3_mat_A' is assigned a value but never used                no-unused-vars
  1157:5  warning  'act3_mat_x' is assigned a value but never used                no-unused-vars
  1161:5  warning  'act3_mat_B' is assigned a value but never used                no-unused-vars
  1166:5  warning  'act3_X_avg' is assigned a value but never used                no-unused-vars
  1167:5  warning  'act3_Y_avg' is assigned a value but never used                no-unused-vars
  1169:5  warning  'act3_table_data_2' is assigned a value but never used         no-unused-vars
  1391:5  warning  'act3_sxx' is assigned a value but never used                  no-unused-vars
  1392:5  warning  'act3_syy' is assigned a value but never used                  no-unused-vars
  1393:5  warning  'act3_sxy' is assigned a value but never used                  no-unused-vars
  1394:5  warning  'act3_ssr' is assigned a value but never used                  no-unused-vars
  1395:5  warning  'act3_smres' is assigned a value but never used                no-unused-vars
  1396:5  warning  'act3_r2' is assigned a value but never used                   no-unused-vars
  1397:5  warning  't2_0' is assigned a value but never used                      no-unused-vars
  1398:5  warning  't2_n_2' is assigned a value but never used                    no-unused-vars
  1399:5  warning  'alpha2' is assigned a value but never used                    no-unused-vars
  1400:5  warning  'act3_hypo_test_reject_op' is assigned a value but never used  no-unused-vars
  1402:5  warning  'act4_t01' is assigned a value but never used                  no-unused-vars
  1403:5  warning  'act4_t02' is assigned a value but never used                  no-unused-vars
  1404:5  warning  'act4_t03' is assigned a value but never used                  no-unused-vars
  1405:5  warning  'alpha3' is assigned a value but never used                    no-unused-vars
  1406:5  warning  'act4_tn2' is assigned a value but never used                  no-unused-vars
  1407:5  warning  'chose_op1' is assigned a value but never used                 no-unused-vars
  1408:5  warning  'chose_op2' is assigned a value but never used                 no-unused-vars
  1409:5  warning  'chose_op3' is assigned a value but never used                 no-unused-vars
  1410:5  warning  'chose_op4' is assigned a value but never used                 no-unused-vars

/home/runner/work/exp-slope-nm-iitb/exp-slope-nm-iitb/experiment/simulation/js/screen_size.js
  1:10  warning  'set_screen_size' is defined but never used  no-unused-vars

 1218 problems (0 errors, 1218 warnings)

